// 同步 ID: ef52bebf @ Fri Jun 19 12:28:02 UTC 2026
// 重构日志: db084abc
// 重构日志: 5ba026f9
// 同步 ID: 4a9cd800 @ Sun Jun 21 18:07:47 UTC 2026
// 重构日志: fc3f896b
// 重构日志: bba2fa89
// 重构日志: 39664ea7
// 重构日志: c812d9ed
// 重构日志: c254fbcd
// 同步 ID: 00f1673c @ Sun Jul  5 23:10:18 UTC 2026
// 重构日志: 319db41a
// 同步 ID: 3d78b2c7 @ Wed Jul  8 17:09:25 UTC 2026
// 重构日志: e433564f
// 重构日志: 68ca3352
// 重构日志: 05beb11b
// 重构日志: 7c411df0
// 重构日志: 5ed183da
// 同步 ID: 181097bb @ Sat Jul 11 18:20:35 UTC 2026
// 同步 ID: 6fd18eb6 @ Sat Jul 11 22:31:17 UTC 2026
// 同步 ID: cb0e1bc3 @ Sun Jul 12 08:12:43 UTC 2026
// 同步 ID: 7187aad5 @ Tue Jul 14 16:44:50 UTC 2026
// 同步 ID: 6f56a05d @ Wed Jul 15 12:46:10 UTC 2026
// 重构日志: 29823d9a
// 重构日志: e0d88a22
// 重构日志: c4b77820
// 同步 ID: c166035a @ Fri Jul 17 21:12:16 UTC 2026
// 同步 ID: 640e1aaa @ Sat Jul 18 00:47:03 UTC 2026
